e:\dezex\projects\il_dfortress\il_dfortress\il_dfortress\release\vc142.pdb
e:\dezex\projects\il_dfortress\il_dfortress\il_dfortress\release\pugixml.obj
e:\dezex\projects\il_dfortress\il_dfortress\il_dfortress\release\playermenu.obj
e:\dezex\projects\il_dfortress\il_dfortress\il_dfortress\release\player.obj
e:\dezex\projects\il_dfortress\il_dfortress\il_dfortress\release\pickup.obj
e:\dezex\projects\il_dfortress\il_dfortress\il_dfortress\release\mainmenu.obj
e:\dezex\projects\il_dfortress\il_dfortress\il_dfortress\release\global.obj
e:\dezex\projects\il_dfortress\il_dfortress\il_dfortress\release\game.obj
e:\dezex\projects\il_dfortress\il_dfortress\il_dfortress\release\enemy.obj
e:\dezex\projects\il_dfortress\il_dfortress\il_dfortress\release\characters.obj
e:\dezex\projects\il_dfortress\il_dfortress\il_dfortress\release\dzx_consoleengine.obj
e:\dezex\projects\il_dfortress\il_dfortress\release\il_dfortress.ipdb
e:\dezex\projects\il_dfortress\il_dfortress\release\il_dfortress.iobj
e:\dezex\projects\il_dfortress\il_dfortress\release\il_dfortress.exe
e:\dezex\projects\il_dfortress\il_dfortress\release\il_dfortress.pdb
e:\dezex\projects\il_dfortress\il_dfortress\il_dfortress\release\il_dfortress.tlog\cl.command.1.tlog
e:\dezex\projects\il_dfortress\il_dfortress\il_dfortress\release\il_dfortress.tlog\cl.read.1.tlog
e:\dezex\projects\il_dfortress\il_dfortress\il_dfortress\release\il_dfortress.tlog\cl.write.1.tlog
e:\dezex\projects\il_dfortress\il_dfortress\il_dfortress\release\il_dfortress.tlog\il_dfortress.write.1u.tlog
e:\dezex\projects\il_dfortress\il_dfortress\il_dfortress\release\il_dfortress.tlog\link.command.1.tlog
e:\dezex\projects\il_dfortress\il_dfortress\il_dfortress\release\il_dfortress.tlog\link.read.1.tlog
e:\dezex\projects\il_dfortress\il_dfortress\il_dfortress\release\il_dfortress.tlog\link.write.1.tlog
