e:\dezex\projects\il_dfortress\il_dfortress\il_dfortress\debug\vc142.pdb
e:\dezex\projects\il_dfortress\il_dfortress\il_dfortress\debug\vc142.idb
e:\dezex\projects\il_dfortress\il_dfortress\il_dfortress\debug\mainmenu.obj
e:\dezex\projects\il_dfortress\il_dfortress\il_dfortress\debug\dzx_consoleengine.obj
e:\dezex\projects\il_dfortress\il_dfortress\il_dfortress\debug\game.obj
e:\dezex\projects\il_dfortress\il_dfortress\il_dfortress\debug\enemy.obj
e:\dezex\projects\il_dfortress\il_dfortress\il_dfortress\debug\characters.obj
e:\dezex\projects\il_dfortress\il_dfortress\il_dfortress\debug\player.obj
e:\dezex\projects\il_dfortress\il_dfortress\il_dfortress\debug\global.obj
e:\dezex\projects\il_dfortress\il_dfortress\il_dfortress\debug\playermenu.obj
e:\dezex\projects\il_dfortress\il_dfortress\debug\il_dfortress.exe
e:\dezex\projects\il_dfortress\il_dfortress\debug\il_dfortress.ilk
e:\dezex\projects\il_dfortress\il_dfortress\debug\il_dfortress.pdb
e:\dezex\projects\il_dfortress\il_dfortress\il_dfortress\debug\dzx_consoleengine.obj.enc
e:\dezex\projects\il_dfortress\il_dfortress\il_dfortress\debug\enemy.obj.enc
e:\dezex\projects\il_dfortress\il_dfortress\il_dfortress\debug\il_dfortress.tlog\cl.command.1.tlog
e:\dezex\projects\il_dfortress\il_dfortress\il_dfortress\debug\il_dfortress.tlog\cl.read.1.tlog
e:\dezex\projects\il_dfortress\il_dfortress\il_dfortress\debug\il_dfortress.tlog\cl.write.1.tlog
e:\dezex\projects\il_dfortress\il_dfortress\il_dfortress\debug\il_dfortress.tlog\link.command.1.tlog
e:\dezex\projects\il_dfortress\il_dfortress\il_dfortress\debug\il_dfortress.tlog\link.read.1.tlog
e:\dezex\projects\il_dfortress\il_dfortress\il_dfortress\debug\il_dfortress.tlog\link.write.1.tlog
